<?xml version="1.0" encoding="UTF-8"?>
<testng-results ignored="0" total="1" passed="1" failed="0" skipped="0">
  <reporter-output>
  </reporter-output>
  <suite started-at="2024-09-12T12:38:13 IST" name="Suite" finished-at="2024-09-12T12:38:37 IST" duration-ms="23941">
    <groups>
    </groups>
    <test started-at="2024-09-12T12:38:13 IST" name="Test" finished-at="2024-09-12T12:38:37 IST" duration-ms="23941">
      <class name="Testcases.TC_009_wishlist">
        <test-method is-config="true" signature="setupurl()[pri:0, instance:Testcases.TC_009_wishlist@729d991e]" started-at="2024-09-12T12:38:13 IST" name="setupurl" finished-at="2024-09-12T12:38:28 IST" duration-ms="14544" status="PASS">
          <reporter-output>
          </reporter-output>
        </test-method> <!-- setupurl -->
        <test-method signature="verifywishlist()[pri:0, instance:Testcases.TC_009_wishlist@729d991e]" started-at="2024-09-12T12:38:28 IST" name="verifywishlist" finished-at="2024-09-12T12:38:37 IST" duration-ms="8711" status="PASS">
          <reporter-output>
          </reporter-output>
        </test-method> <!-- verifywishlist -->
        <test-method is-config="true" signature="captureScreenshot()[pri:0, instance:Testcases.TC_009_wishlist@729d991e]" started-at="2024-09-12T12:38:37 IST" name="captureScreenshot" finished-at="2024-09-12T12:38:37 IST" duration-ms="591" status="PASS">
          <reporter-output>
          </reporter-output>
        </test-method> <!-- captureScreenshot -->
      </class> <!-- Testcases.TC_009_wishlist -->
    </test> <!-- Test -->
  </suite> <!-- Suite -->
</testng-results>
